<?xml version="1.0" encoding="UTF-8"?>
<testsuite name="org.example.AvionPrivadoTest" tests="2" skipped="0" failures="0" errors="0" timestamp="2024-06-24T02:23:22" hostname="DESKTOP-C1V3VSG" time="0.007">
  <properties/>
  <testcase name="testCalcularConsumoAvionPrivadoDevuelve250()" classname="org.example.AvionPrivadoTest" time="0.003"/>
  <testcase name="testObtenerConsumoCombustibleDevuelve50()" classname="org.example.AvionPrivadoTest" time="0.002"/>
  <system-out><![CDATA[]]></system-out>
  <system-err><![CDATA[]]></system-err>
</testsuite>
