<?xml version="1.0" encoding="UTF-8"?>
<testsuite name="org.example.CalculadorCombustibleTest" tests="3" skipped="0" failures="0" errors="0" timestamp="2024-06-23T20:53:37" hostname="DESKTOP-C1V3VSG" time="0.011">
  <properties/>
  <testcase name="testCheckearInstancia()" classname="org.example.CalculadorCombustibleTest" time="0.005"/>
  <testcase name="testCalcularCombustibleAvionPrivadoDevuelve2500()" classname="org.example.CalculadorCombustibleTest" time="0.001"/>
  <testcase name="testCalcularCombustibleAvionComercialDevuelve500()" classname="org.example.CalculadorCombustibleTest" time="0.002"/>
  <system-out><![CDATA[]]></system-out>
  <system-err><![CDATA[]]></system-err>
</testsuite>
